0 info it worked if it ends with ok
1 verbose cli [ '/usr/bin/node', '/usr/bin/npm', 'install', '-g', 'bower' ]
2 info using npm@1.4.28
3 info using node@v0.10.37
4 verbose node symlink /usr/bin/node
5 verbose cache add [ 'bower', null ]
6 verbose cache add name=undefined spec="bower" args=["bower",null]
7 verbose parsed url { protocol: null,
7 verbose parsed url   slashes: null,
7 verbose parsed url   auth: null,
7 verbose parsed url   host: null,
7 verbose parsed url   port: null,
7 verbose parsed url   hostname: null,
7 verbose parsed url   hash: null,
7 verbose parsed url   search: null,
7 verbose parsed url   query: null,
7 verbose parsed url   pathname: 'bower',
7 verbose parsed url   path: 'bower',
7 verbose parsed url   href: 'bower' }
8 silly lockFile 206e3ce5-bower bower
9 verbose lock bower /home/marufino/.npm/206e3ce5-bower.lock
10 silly lockFile 206e3ce5-bower bower
11 silly lockFile 206e3ce5-bower bower
12 verbose addNamed [ 'bower', '' ]
13 verbose addNamed [ null, '*' ]
14 silly lockFile 1240aab1-bower bower@
15 verbose lock bower@ /home/marufino/.npm/1240aab1-bower.lock
16 silly addNameRange { name: 'bower', range: '*', hasData: false }
17 verbose request where is /bower
18 verbose request registry http://registry.npmjs.org/
19 verbose request id b97931e28b1a23f4
20 verbose url raw /bower
21 verbose url resolving [ 'http://registry.npmjs.org/', './bower' ]
22 verbose url resolved http://registry.npmjs.org/bower
23 verbose request where is http://registry.npmjs.org/bower
24 info trying registry request attempt 1 at 16:31:45
25 verbose etag "84IOA8Z7F5VX975KUR9UAGBOB"
26 http GET http://registry.npmjs.org/bower
27 http 200 http://registry.npmjs.org/bower
28 silly registry.get cb [ 200,
28 silly registry.get   { server: 'CouchDB/1.5.0 (Erlang OTP/R16B03)',
28 silly registry.get     etag: '"5JNBX1F1FO0NBCAU710QZMAAK"',
28 silly registry.get     'content-type': 'application/json',
28 silly registry.get     'cache-control': 'max-age=60',
28 silly registry.get     'content-length': '112814',
28 silly registry.get     'accept-ranges': 'bytes',
28 silly registry.get     date: 'Mon, 27 Jul 2015 20:31:45 GMT',
28 silly registry.get     via: '1.1 varnish',
28 silly registry.get     age: '29',
28 silly registry.get     connection: 'keep-alive',
28 silly registry.get     'x-served-by': 'cache-jfk1033-JFK',
28 silly registry.get     'x-cache': 'HIT',
28 silly registry.get     'x-cache-hits': '1',
28 silly registry.get     'x-timer': 'S1438029105.492295,VS0,VE1',
28 silly registry.get     vary: 'Accept' } ]
29 silly addNameRange number 2 { name: 'bower', range: '*', hasData: true }
30 silly addNameRange versions [ 'bower',
30 silly addNameRange   [ '0.1.0',
30 silly addNameRange     '0.1.2',
30 silly addNameRange     '0.1.3',
30 silly addNameRange     '0.2.0',
30 silly addNameRange     '0.3.0',
30 silly addNameRange     '0.3.1',
30 silly addNameRange     '0.3.2',
30 silly addNameRange     '0.4.0',
30 silly addNameRange     '0.5.0',
30 silly addNameRange     '0.5.1',
30 silly addNameRange     '0.6.0',
30 silly addNameRange     '0.6.1',
30 silly addNameRange     '0.6.2',
30 silly addNameRange     '0.6.3',
30 silly addNameRange     '0.6.4',
30 silly addNameRange     '0.6.5',
30 silly addNameRange     '0.6.6',
30 silly addNameRange     '0.6.7',
30 silly addNameRange     '0.6.8',
30 silly addNameRange     '0.7.0',
30 silly addNameRange     '0.7.1',
30 silly addNameRange     '0.8.0',
30 silly addNameRange     '0.8.1',
30 silly addNameRange     '0.8.2',
30 silly addNameRange     '0.8.3',
30 silly addNameRange     '0.8.4',
30 silly addNameRange     '0.8.5',
30 silly addNameRange     '0.8.6',
30 silly addNameRange     '0.9.0',
30 silly addNameRange     '0.9.1',
30 silly addNameRange     '0.9.2',
30 silly addNameRange     '0.10.0',
30 silly addNameRange     '1.0.0',
30 silly addNameRange     '1.0.1',
30 silly addNameRange     '1.0.2',
30 silly addNameRange     '1.0.3',
30 silly addNameRange     '1.1.0',
30 silly addNameRange     '1.1.1',
30 silly addNameRange     '1.1.2',
30 silly addNameRange     '1.2.0',
30 silly addNameRange     '1.2.1',
30 silly addNameRange     '1.2.2',
30 silly addNameRange     '1.2.3',
30 silly addNameRange     '1.2.4',
30 silly addNameRange     '1.2.5',
30 silly addNameRange     '1.2.6',
30 silly addNameRange     '1.2.7',
30 silly addNameRange     '1.2.8',
30 silly addNameRange     '1.3.0',
30 silly addNameRange     '1.3.1',
30 silly addNameRange     '1.3.2',
30 silly addNameRange     '1.3.3',
30 silly addNameRange     '1.3.4',
30 silly addNameRange     '1.3.5',
30 silly addNameRange     '1.3.6',
30 silly addNameRange     '1.3.7',
30 silly addNameRange     '1.3.8',
30 silly addNameRange     '1.3.9',
30 silly addNameRange     '1.3.10',
30 silly addNameRange     '1.3.11',
30 silly addNameRange     '1.3.12',
30 silly addNameRange     '1.4.0',
30 silly addNameRange     '1.4.1' ] ]
31 verbose addNamed [ 'bower', '1.4.1' ]
32 verbose addNamed [ '1.4.1', '1.4.1' ]
33 silly lockFile 185f46c0-bower-1-4-1 bower@1.4.1
34 verbose lock bower@1.4.1 /home/marufino/.npm/185f46c0-bower-1-4-1.lock
35 silly lockFile 1570c89a--npmjs-org-bower-bower-1-4-1-tgz http://registry.npmjs.org/bower/-/bower-1.4.1.tgz
36 verbose lock http://registry.npmjs.org/bower/-/bower-1.4.1.tgz /home/marufino/.npm/1570c89a--npmjs-org-bower-bower-1-4-1-tgz.lock
37 verbose addRemoteTarball [ 'http://registry.npmjs.org/bower/-/bower-1.4.1.tgz',
37 verbose addRemoteTarball   'a18be39d030792754f30f1c5b32d37b0156ba8dd' ]
38 info retry fetch attempt 1 at 16:31:45
39 verbose fetch to= /tmp/npm-8352-dd7ivwxB/registry.npmjs.org/bower/-/bower-1.4.1.tgz
40 http GET http://registry.npmjs.org/bower/-/bower-1.4.1.tgz
41 http 200 http://registry.npmjs.org/bower/-/bower-1.4.1.tgz
42 silly lockFile 1570c89a--npmjs-org-bower-bower-1-4-1-tgz http://registry.npmjs.org/bower/-/bower-1.4.1.tgz
43 silly lockFile 1570c89a--npmjs-org-bower-bower-1-4-1-tgz http://registry.npmjs.org/bower/-/bower-1.4.1.tgz
44 silly lockFile 185f46c0-bower-1-4-1 bower@1.4.1
45 silly lockFile 185f46c0-bower-1-4-1 bower@1.4.1
46 silly lockFile 1240aab1-bower bower@
47 silly lockFile 1240aab1-bower bower@
48 error Error: EACCES, mkdir '/home/marufino/.npm/bower/1.4.1'
48 error  { [Error: EACCES, mkdir '/home/marufino/.npm/bower/1.4.1']
48 error   errno: 3,
48 error   code: 'EACCES',
48 error   path: '/home/marufino/.npm/bower/1.4.1' }
49 error Please try running this command again as root/Administrator.
50 error System Linux 3.13.0-57-generic
51 error command "/usr/bin/node" "/usr/bin/npm" "install" "-g" "bower"
52 error cwd /home/marufino/RubymineProjects/Core Training Web App
53 error node -v v0.10.37
54 error npm -v 1.4.28
55 error path /home/marufino/.npm/bower/1.4.1
56 error code EACCES
57 error errno 3
58 error stack Error: EACCES, mkdir '/home/marufino/.npm/bower/1.4.1'
59 verbose exit [ 3, true ]
